#
# There is insufficient memory for the Java Runtime Environment to continue.
# Native memory allocation (mmap) failed to map 264241152 bytes. Error detail: G1 virtual space
# Possible reasons:
#   The system is out of physical RAM or swap space
#   This process is running with CompressedOops enabled, and the Java Heap may be blocking the growth of the native heap
# Possible solutions:
#   Reduce memory load on the system
#   Increase physical memory or swap space
#   Check if swap backing store is full
#   Decrease Java heap size (-Xmx/-Xms)
#   Decrease number of Java threads
#   Decrease Java thread stack sizes (-Xss)
#   Set larger code cache with -XX:ReservedCodeCacheSize=
#   JVM is running with Zero Based Compressed Oops mode in which the Java heap is
#     placed in the first 32GB address space. The Java Heap base address is the
#     maximum limit for the native heap growth. Please use -XX:HeapBaseMinAddress
#     to set the Java Heap base and to place the Java Heap above 32GB virtual address.
# This output file may be truncated or incomplete.
#
#  Out of Memory Error (os_windows.cpp:3828), pid=21232, tid=13380
#
# JRE version:  (21.0.5+8) (build )
# Java VM: OpenJDK 64-Bit Server VM (21.0.5+8-b631.16, mixed mode, sharing, tiered, compressed oops, compressed class ptrs, g1 gc, windows-amd64)
# No core dump will be written. Minidumps are not enabled by default on client versions of Windows
#

---------------  S U M M A R Y ------------

Command Line: git4idea.http.GitAskPassApp Username for 'https://github.com': 

Host: 12th Gen Intel(R) Core(TM) i5-12450H, 12 cores, 15G,  Windows 11 , 64 bit Build 22621 (10.0.22621.5262)
Time: Mon Jun 16 20:39:59 2025  Windows 11 , 64 bit Build 22621 (10.0.22621.5262) elapsed time: 0.012283 seconds (0d 0h 0m 0s)

---------------  T H R E A D  ---------------

Current thread (0x00000213ebb21ae0):  JavaThread "Unknown thread" [_thread_in_vm, id=13380, stack(0x0000003563e00000,0x0000003563f00000) (1024K)]

Stack: [0x0000003563e00000,0x0000003563f00000]
Native frames: (J=compiled Java code, j=interpreted, Vv=VM code, C=native code)
V  [jvm.dll+0x6e52b9]
V  [jvm.dll+0x8c3633]
V  [jvm.dll+0x8c5b8e]
V  [jvm.dll+0x8c6273]
V  [jvm.dll+0x288f46]
V  [jvm.dll+0x6e1a35]
V  [jvm.dll+0x6d5e3a]
V  [jvm.dll+0x3634bb]
V  [jvm.dll+0x36b086]
V  [jvm.dll+0x3bd346]
V  [jvm.dll+0x3bd618]
V  [jvm.dll+0x335c2c]
V  [jvm.dll+0x33691b]
V  [jvm.dll+0x88aa89]
V  [jvm.dll+0x3ca518]
V  [jvm.dll+0x873b98]
V  [jvm.dll+0x45eede]
V  [jvm.dll+0x460bc1]
C  [jli.dll+0x52ab]
C  [ucrtbase.dll+0x29333]
C  [KERNEL32.DLL+0x1259d]
C  [ntdll.dll+0x5af58]


---------------  P R O C E S S  ---------------

Threads class SMR info:
_java_thread_list=0x00007ffa7266a148, length=0, elements={
}

Java Threads: ( => current thread )
Total: 0

Other Threads:
  0x00000213ede90c90 WorkerThread "GC Thread#0"                     [id=16156, stack(0x0000003563f00000,0x0000003564000000) (1024K)]
  0x00000213edea2bd0 ConcurrentGCThread "G1 Main Marker"            [id=25920, stack(0x0000003564000000,0x0000003564100000) (1024K)]
  0x00000213edea3880 WorkerThread "G1 Conc#0"                       [id=25828, stack(0x0000003564100000,0x0000003564200000) (1024K)]

[error occurred during error reporting (printing all threads), id 0xc0000005, EXCEPTION_ACCESS_VIOLATION (0xc0000005) at pc=0x00007ffa71d58ce7]
VM state: not at safepoint (not fully initialized)

VM Mutex/Monitor currently owned by a thread:  ([mutex/lock_event])
[0x00007ffa726deb30] Heap_lock - owner thread: 0x00000213ebb21ae0

Heap address: 0x0000000704a00000, size: 4022 MB, Compressed Oops mode: Zero based, Oop shift amount: 3

CDS archive(s) mapped at: [0x0000000000000000-0x0000000000000000-0x0000000000000000), size 0, SharedBaseAddress: 0x0000000800000000, ArchiveRelocationMode: 1.
Narrow klass base: 0x0000000000000000, Narrow klass shift: 0, Narrow klass range: 0x0

GC Precious Log:
 CardTable entry size: 512
 Card Set container configuration: InlinePtr #cards 4 size 8 Array Of Cards #cards 16 size 48 Howl #buckets 8 coarsen threshold 3686 Howl Bitmap #cards 512 size 80 coarsen threshold 460 Card regions per heap region 1 cards per card region 4096

Heap:
 garbage-first heap   total 0K, used 0K [0x0000000704a00000, 0x0000000800000000)
  region size 2048K, 0 young (0K), 0 survivors (0K)
 Metaspace       used 0K, committed 0K, reserved 0K
  class space    used 0K, committed 0K, reserved 0K

Heap Regions: E=young(eden), S=young(survivor), O=old, HS=humongous(starts), HC=humongous(continues), CS=collection set, F=free, TAMS=top-at-mark-start, PB=parsable bottom

Card table byte_map: [0x00000213f2af0000,0x00000213f32d0000] _byte_map_base: 0x00000213ef2cb000

Marking Bits: (CMBitMap*) 0x00000213ede91390
 Bits: [0x00000213f32d0000, 0x00000213f71a8000)

GC Heap History (0 events):
No events

Dll operation events (1 events):
Event: 0.007 Loaded shared library C:\Program Files\JetBrains\PyCharm Community Edition 2024.3\jbr\bin\java.dll

Deoptimization events (0 events):
No events

Classes loaded (0 events):
No events

Classes unloaded (0 events):
No events

Classes redefined (0 events):
No events

Internal exceptions (0 events):
No events

ZGC Phase Switch (0 events):
No events

VM Operations (0 events):
No events

Memory protections (0 events):
No events

Nmethod flushes (0 events):
No events

Events (0 events):
No events


Dynamic libraries:
0x00007ff7a9bb0000 - 0x00007ff7a9bba000 	C:\Program Files\JetBrains\PyCharm Community Edition 2024.3\jbr\bin\java.exe
0x00007ffae47f0000 - 0x00007ffae4a07000 	C:\WINDOWS\SYSTEM32\ntdll.dll
0x00007ffae2db0000 - 0x00007ffae2e74000 	C:\WINDOWS\System32\KERNEL32.DLL
0x00007ffae2020000 - 0x00007ffae23f3000 	C:\WINDOWS\System32\KERNELBASE.dll
0x00007ffae1af0000 - 0x00007ffae1c01000 	C:\WINDOWS\System32\ucrtbase.dll
0x00007ffada330000 - 0x00007ffada34b000 	C:\Program Files\JetBrains\PyCharm Community Edition 2024.3\jbr\bin\VCRUNTIME140.dll
0x00007ffaad3e0000 - 0x00007ffaad3f8000 	C:\Program Files\JetBrains\PyCharm Community Edition 2024.3\jbr\bin\jli.dll
0x00007ffae4130000 - 0x00007ffae42e1000 	C:\WINDOWS\System32\USER32.dll
0x00007ffae18e0000 - 0x00007ffae1906000 	C:\WINDOWS\System32\win32u.dll
0x00007ffacefd0000 - 0x00007ffacf26b000 	C:\WINDOWS\WinSxS\amd64_microsoft.windows.common-controls_6595b64144ccf1df_6.0.22621.5262_none_2712bde373830908\COMCTL32.dll
0x00007ffae3d50000 - 0x00007ffae3d79000 	C:\WINDOWS\System32\GDI32.dll
0x00007ffae30c0000 - 0x00007ffae3167000 	C:\WINDOWS\System32\msvcrt.dll
0x00007ffae1d50000 - 0x00007ffae1e72000 	C:\WINDOWS\System32\gdi32full.dll
0x00007ffae1a50000 - 0x00007ffae1aea000 	C:\WINDOWS\System32\msvcp_win.dll
0x00007ffae3320000 - 0x00007ffae3351000 	C:\WINDOWS\System32\IMM32.DLL
0x00007ffadb080000 - 0x00007ffadb08c000 	C:\Program Files\JetBrains\PyCharm Community Edition 2024.3\jbr\bin\vcruntime140_1.dll
0x00007ffa95630000 - 0x00007ffa956bd000 	C:\Program Files\JetBrains\PyCharm Community Edition 2024.3\jbr\bin\msvcp140.dll
0x00007ffa71a10000 - 0x00007ffa727d1000 	C:\Program Files\JetBrains\PyCharm Community Edition 2024.3\jbr\bin\server\jvm.dll
0x00007ffae3910000 - 0x00007ffae39c1000 	C:\WINDOWS\System32\ADVAPI32.dll
0x00007ffae3170000 - 0x00007ffae3217000 	C:\WINDOWS\System32\sechost.dll
0x00007ffae1ff0000 - 0x00007ffae2018000 	C:\WINDOWS\System32\bcrypt.dll
0x00007ffae3c30000 - 0x00007ffae3d44000 	C:\WINDOWS\System32\RPCRT4.dll
0x00007ffae32a0000 - 0x00007ffae3311000 	C:\WINDOWS\System32\WS2_32.dll
0x00007ffae0e60000 - 0x00007ffae0ead000 	C:\WINDOWS\SYSTEM32\POWRPROF.dll
0x00007ffad6b10000 - 0x00007ffad6b1a000 	C:\WINDOWS\SYSTEM32\VERSION.dll
0x00007ffad8700000 - 0x00007ffad8734000 	C:\WINDOWS\SYSTEM32\WINMM.dll
0x00007ffae0dd0000 - 0x00007ffae0de3000 	C:\WINDOWS\SYSTEM32\UMPDC.dll
0x00007ffae08e0000 - 0x00007ffae08f8000 	C:\WINDOWS\SYSTEM32\kernel.appcore.dll
0x00007ffadaff0000 - 0x00007ffadaffa000 	C:\Program Files\JetBrains\PyCharm Community Edition 2024.3\jbr\bin\jimage.dll
0x00007ffadf2d0000 - 0x00007ffadf502000 	C:\WINDOWS\SYSTEM32\DBGHELP.DLL
0x00007ffae42f0000 - 0x00007ffae4683000 	C:\WINDOWS\System32\combase.dll
0x00007ffae2e80000 - 0x00007ffae2f57000 	C:\WINDOWS\System32\OLEAUT32.dll
0x00007ffad4a60000 - 0x00007ffad4a92000 	C:\WINDOWS\SYSTEM32\dbgcore.DLL
0x00007ffae19d0000 - 0x00007ffae1a4b000 	C:\WINDOWS\System32\bcryptPrimitives.dll
0x00007ffad9fc0000 - 0x00007ffad9fe0000 	C:\Program Files\JetBrains\PyCharm Community Edition 2024.3\jbr\bin\java.dll

dbghelp: loaded successfully - version: 4.0.5 - missing functions: none
symbol engine: initialized successfully - sym options: 0x614 - pdb path: .;C:\Program Files\JetBrains\PyCharm Community Edition 2024.3\jbr\bin;C:\WINDOWS\SYSTEM32;C:\WINDOWS\WinSxS\amd64_microsoft.windows.common-controls_6595b64144ccf1df_6.0.22621.5262_none_2712bde373830908;C:\Program Files\JetBrains\PyCharm Community Edition 2024.3\jbr\bin\server

VM Arguments:
java_command: git4idea.http.GitAskPassApp Username for 'https://github.com': 
java_class_path (initial): C:/Program Files/JetBrains/PyCharm Community Edition 2024.3/plugins/vcs-git/lib/git4idea-rt.jar;C:/Program Files/JetBrains/PyCharm Community Edition 2024.3/lib/externalProcess-rt.jar
Launcher Type: SUN_STANDARD

[Global flags]
     intx CICompilerCount                          = 4                                         {product} {ergonomic}
     uint ConcGCThreads                            = 3                                         {product} {ergonomic}
     uint G1ConcRefinementThreads                  = 10                                        {product} {ergonomic}
   size_t G1HeapRegionSize                         = 2097152                                   {product} {ergonomic}
    uintx GCDrainStackTargetSize                   = 64                                        {product} {ergonomic}
   size_t InitialHeapSize                          = 264241152                                 {product} {ergonomic}
   size_t MarkStackSize                            = 4194304                                   {product} {ergonomic}
   size_t MaxHeapSize                              = 4217372672                                {product} {ergonomic}
   size_t MinHeapDeltaBytes                        = 2097152                                   {product} {ergonomic}
   size_t MinHeapSize                              = 8388608                                   {product} {ergonomic}
    uintx NonNMethodCodeHeapSize                   = 5839372                                {pd product} {ergonomic}
    uintx NonProfiledCodeHeapSize                  = 122909434                              {pd product} {ergonomic}
    uintx ProfiledCodeHeapSize                     = 122909434                              {pd product} {ergonomic}
    uintx ReservedCodeCacheSize                    = 251658240                              {pd product} {ergonomic}
     bool SegmentedCodeCache                       = true                                      {product} {ergonomic}
   size_t SoftMaxHeapSize                          = 4217372672                             {manageable} {ergonomic}
     bool UseCompressedOops                        = true                           {product lp64_product} {ergonomic}
     bool UseG1GC                                  = true                                      {product} {ergonomic}
     bool UseLargePagesIndividualAllocation        = false                                  {pd product} {ergonomic}

Logging:
Log output configuration:
 #0: stdout all=warning uptime,level,tags foldmultilines=false
 #1: stderr all=off uptime,level,tags foldmultilines=false

Environment Variables:
PATH=C:\Program Files\Git\mingw64\libexec\git-core;C:\Program Files\Git\mingw64\libexec\git-core;C:\Program Files\Git\mingw64\bin;C:\Program Files\Git\usr\bin;C:\Users\kinga\bin;C:\Users\kinga\PycharmProjects\Gra\.venv\Scripts;C:\Program Files\Common Files\Oracle\Java\javapath;C:\Program Files (x86)\Common Files\Oracle\Java\javapath;C:\WINDOWS\system32;C:\WINDOWS;C:\WINDOWS\System32\Wbem;C:\WINDOWS\System32\WindowsPowerShell\v1.0;C:\WINDOWS\System32\OpenSSH;C:\Program Files\PuTTY;C:\Program Files\Git\cmd;F:\GnuPG\bin;C:\Users\kinga\AppData\Local\Programs\Python\Python313\Scripts;C:\Users\kinga\AppData\Local\Programs\Python\Python313;C:\Users\kinga\AppData\Local\Programs\Python\Launcher;C:\Users\kinga\AppData\Local\Microsoft\WindowsApps;C:\Users\kinga\AppData\Local\Programs\Microsoft VS Code\bin;C:\MinGW\bin;F:\PyCharm 2024.3\bin;F:\Java\IntelliJ IDEA Community Edition 2024.3.4\bin
USERNAME=kinga
DISPLAY=:0.0
LC_ALL=en_US.UTF-8
TERM=xterm-256color
TMPDIR=C:\Users\kinga\AppData\Local\Temp
OS=Windows_NT
PROCESSOR_IDENTIFIER=Intel64 Family 6 Model 154 Stepping 3, GenuineIntel
TMP=C:\Users\kinga\AppData\Local\Temp
TEMP=C:\Users\kinga\AppData\Local\Temp




Periodic native trim disabled

JNI global refs:
JNI global refs: 0, weak refs: 0

JNI global refs memory usage: 0, weak refs: 0

Process memory usage:
Resident Set Size: 11856K (0% of 16471380K total physical memory with 1301176K free physical memory)

OOME stack traces (most recent first):
Classloader memory used:

---------------  S Y S T E M  ---------------

OS:
 Windows 11 , 64 bit Build 22621 (10.0.22621.5262)
OS uptime: 9 days 2:56 hours
Hyper-V role detected

CPU: total 12 (initial active 12) (6 cores per cpu, 2 threads per core) family 6 model 154 stepping 3 microcode 0x424, cx8, cmov, fxsr, ht, mmx, 3dnowpref, sse, sse2, sse3, ssse3, sse4.1, sse4.2, popcnt, lzcnt, tsc, tscinvbit, avx, avx2, aes, erms, clmul, bmi1, bmi2, adx, sha, fma, vzeroupper, clflush, clflushopt, clwb, hv, serialize, rdtscp, rdpid, fsrm, f16c, cet_ibt, cet_ss
Processor Information for processor 0
  Max Mhz: 2000, Current Mhz: 2000, Mhz Limit: 2000
Processor Information for processor 1
  Max Mhz: 2000, Current Mhz: 2000, Mhz Limit: 2000
Processor Information for processor 2
  Max Mhz: 2000, Current Mhz: 2000, Mhz Limit: 2000
Processor Information for processor 3
  Max Mhz: 2000, Current Mhz: 1520, Mhz Limit: 2000
Processor Information for processor 4
  Max Mhz: 2000, Current Mhz: 2000, Mhz Limit: 2000
Processor Information for processor 5
  Max Mhz: 2000, Current Mhz: 1520, Mhz Limit: 2000
Processor Information for processor 6
  Max Mhz: 2000, Current Mhz: 2000, Mhz Limit: 2000
Processor Information for processor 7
  Max Mhz: 2000, Current Mhz: 2000, Mhz Limit: 2000
Processor Information for processor 8
  Max Mhz: 2000, Current Mhz: 2000, Mhz Limit: 2000
Processor Information for processor 9
  Max Mhz: 2000, Current Mhz: 1466, Mhz Limit: 2000
Processor Information for processor 10
  Max Mhz: 2000, Current Mhz: 1466, Mhz Limit: 2000
Processor Information for processor 11
  Max Mhz: 2000, Current Mhz: 1466, Mhz Limit: 2000

Memory: 4k page, system-wide physical 16085M (1270M free)
TotalPageFile size 21085M (AvailPageFile size 222M)
current process WorkingSet (physical memory assigned to process): 11M, peak: 11M
current process commit charge ("private bytes"): 64M, peak: 316M

vm_info: OpenJDK 64-Bit Server VM (21.0.5+8-b631.16) for windows-amd64 JRE (21.0.5+8-b631.16), built on 2024-11-02 by "builduser" with MS VC++ 16.10 / 16.11 (VS2019)

END.
